<?xml version="1.0" encoding="UTF-8"?>
<!-- Generated by org.testng.reporters.JUnitXMLReporter -->
<testsuite ignored="0" hostname="Raul" failures="0" tests="3" name="Default test" time="80.896" errors="0" timestamp="2026-03-13T16:28:22 IST">
  <testcase classname="tests.CartTest" name="addProductToCartTest" time="0.629"/>
  <testcase classname="tests.CartTest" name="removeProductFromCartTest" time="22.543"/>
  <testcase classname="tests.CartTest" name="completeEndToEndFlowTest" time="22.448"/>
</testsuite> <!-- Default test -->
