<?xml version="1.0" encoding="UTF-8"?>
<!-- Generated by org.testng.reporters.JUnitXMLReporter -->
<testsuite ignored="0" hostname="Raul" failures="0" tests="7" name="ChromeTests" time="72.354" errors="0" timestamp="2026-03-13T20:02:02 IST">
  <testcase classname="tests.LoginTest" name="logoutTest" time="1.679"/>
  <testcase classname="tests.LoginTest" name="verifyLoginTest" time="1.126"/>
  <testcase classname="tests.LoginTest" name="verifyLoginTest" time="0.933"/>
  <testcase classname="tests.LoginTest" name="verifyLoginTest" time="0.928"/>
  <testcase classname="tests.CartTest" name="addProductToCartTest" time="0.205"/>
  <testcase classname="tests.CartTest" name="removeProductFromCartTest" time="20.494"/>
  <testcase classname="tests.CartTest" name="completeEndToEndFlowTest" time="20.785"/>
</testsuite> <!-- ChromeTests -->
