<?xml version="1.0" encoding="UTF-8"?>
<!-- Generated by org.testng.reporters.JUnitXMLReporter -->
<testsuite ignored="0" hostname="Raul" failures="0" tests="7" name="FirefoxTests" time="24.967" errors="0" timestamp="2026-03-13T19:33:39 IST">
  <testcase classname="tests.LoginTest" name="logoutTest" time="0.0">
    <skipped/>
  </testcase> <!-- logoutTest -->
  <testcase classname="tests.LoginTest" name="verifyLoginTest" time="0.0">
    <skipped/>
  </testcase> <!-- verifyLoginTest -->
  <testcase classname="tests.LoginTest" name="verifyLoginTest" time="0.0">
    <skipped/>
  </testcase> <!-- verifyLoginTest -->
  <testcase classname="tests.LoginTest" name="verifyLoginTest" time="0.0">
    <skipped/>
  </testcase> <!-- verifyLoginTest -->
  <testcase classname="tests.CartTest" name="addProductToCartTest" time="0.0">
    <skipped/>
  </testcase> <!-- addProductToCartTest -->
  <testcase classname="tests.CartTest" name="removeProductFromCartTest" time="0.0">
    <skipped/>
  </testcase> <!-- removeProductFromCartTest -->
  <testcase classname="tests.CartTest" name="completeEndToEndFlowTest" time="0.0">
    <skipped/>
  </testcase> <!-- completeEndToEndFlowTest -->
</testsuite> <!-- FirefoxTests -->
