<?xml version="1.0" encoding="UTF-8"?>
<!-- Generated by org.testng.reporters.JUnitXMLReporter -->
<testsuite ignored="0" hostname="Raul" failures="0" tests="7" name="LoginAndCartTests" time="63.532" errors="0" timestamp="2026-03-13T19:19:53 IST">
  <testcase classname="tests.LoginTest" name="logoutTest" time="1.469"/>
  <testcase classname="tests.LoginTest" name="verifyLoginTest" time="1.58"/>
  <testcase classname="tests.LoginTest" name="verifyLoginTest" time="1.353"/>
  <testcase classname="tests.LoginTest" name="verifyLoginTest" time="0.711"/>
  <testcase classname="tests.CartTest" name="addProductToCartTest" time="0.143"/>
  <testcase classname="tests.CartTest" name="removeProductFromCartTest" time="20.339"/>
  <testcase classname="tests.CartTest" name="completeEndToEndFlowTest" time="20.502"/>
</testsuite> <!-- LoginAndCartTests -->
