<?xml version="1.0" encoding="UTF-8"?>
<!-- Generated by org.testng.reporters.JUnitReportReporter -->
<testsuite hostname="Raul" failures="0" tests="4" name="tests.LoginTest" time="19.083" errors="0" timestamp="2026-03-13T20:02:02 IST" skipped="0">
  <testcase classname="tests.LoginTest" name="logoutTest" time="4.174"/>
  <testcase classname="tests.LoginTest" name="verifyLoginTest" time="7.156"/>
  <testcase classname="tests.LoginTest" name="verifyLoginTest" time="3.605"/>
  <testcase classname="tests.LoginTest" name="verifyLoginTest" time="4.148"/>
</testsuite> <!-- tests.LoginTest -->
