<?xml version="1.0" encoding="UTF-8"?>
<!-- Generated by org.testng.reporters.JUnitReportReporter -->
<testsuite hostname="Raul" failures="0" tests="3" name="tests.CartTest" time="53.148" errors="0" timestamp="2026-03-13T20:02:02 IST" skipped="0">
  <testcase classname="tests.CartTest" name="addProductToCartTest" time="3.282"/>
  <testcase classname="tests.CartTest" name="removeProductFromCartTest" time="25.178"/>
  <testcase classname="tests.CartTest" name="completeEndToEndFlowTest" time="24.688"/>
</testsuite> <!-- tests.CartTest -->
